<?xml version="1.0" encoding="UTF-8"?>
<!-- Generated by org.testng.reporters.JUnitReportReporter -->
<testsuite skipped="1" hostname="jarvis" name="test.TestInvocationCountParameter" tests="4" failures="0" timestamp="19 Dec 2020 06:27:55 GMT" time="0.003" errors="0">
  <testcase name="login" time="0.001" classname="test.TestInvocationCountParameter"/>
  <testcase name="login" time="0.001" classname="test.TestInvocationCountParameter"/>
  <testcase name="register" time="0.001" classname="test.TestInvocationCountParameter"/>
  <testcase name="deleteUser" classname="test.TestInvocationCountParameter">
    <skipped/>
  </testcase> <!-- deleteUser -->
</testsuite> <!-- test.TestInvocationCountParameter -->
