<?xml version="1.0" encoding="UTF-8"?>
<!-- Generated by org.testng.reporters.JUnitReportReporter -->
<testsuite skipped="0" hostname="jarvis" name="test1.TestMultipleTypeWebElement" tests="3" failures="0" timestamp="20 Dec 2020 06:18:59 GMT" time="17.660" errors="0">
  <testcase name="testRadioAndCheckBox" time="5.563" classname="test1.TestMultipleTypeWebElement"/>
  <testcase name="testRadioAndCheckBox" time="6.396" classname="test1.TestMultipleTypeWebElement"/>
  <testcase name="testRadioAndCheckBox" time="5.701" classname="test1.TestMultipleTypeWebElement"/>
</testsuite> <!-- test1.TestMultipleTypeWebElement -->
