<?xml version="1.0" encoding="UTF-8"?>
<!-- Generated by org.testng.reporters.JUnitReportReporter -->
<testsuite skipped="0" hostname="jarvis" name="validate.SoftAssertDemo" tests="1" failures="0" timestamp="20 Dec 2020 05:10:10 GMT" time="0.011" errors="0">
  <testcase name="softAssertNonStaticMethod" time="0.011" classname="validate.SoftAssertDemo"/>
</testsuite> <!-- validate.SoftAssertDemo -->
