<?xml version="1.0" encoding="UTF-8"?>
<!-- Generated by org.testng.reporters.JUnitReportReporter -->
<testsuite skipped="0" hostname="jarvis" name="test.TestExecutionOrder" tests="5" failures="0" timestamp="19 Dec 2020 06:27:55 GMT" time="0.008" errors="0">
  <testcase name="test01" time="0.001" classname="test.TestExecutionOrder"/>
  <testcase name="test02" time="0.002" classname="test.TestExecutionOrder"/>
  <testcase name="test03" time="0.001" classname="test.TestExecutionOrder"/>
  <testcase name="test04" time="0.002" classname="test.TestExecutionOrder"/>
  <testcase name="test05" time="0.002" classname="test.TestExecutionOrder"/>
</testsuite> <!-- test.TestExecutionOrder -->
