<?xml version="1.0" encoding="UTF-8"?>
<!-- Generated by org.testng.reporters.JUnitReportReporter -->
<testsuite skipped="0" hostname="jarvis" name="test.TestAnnotationsLoactors" tests="1" failures="0" timestamp="20 Dec 2020 06:06:29 GMT" time="5.771" errors="0">
  <testcase name="locatorsAnnotations" time="5.771" classname="test.TestAnnotationsLoactors"/>
</testsuite> <!-- test.TestAnnotationsLoactors -->
