<?xml version="1.0" encoding="UTF-8"?>
<!-- Generated by org.testng.reporters.JUnitReportReporter -->
<testsuite skipped="0" hostname="jarvis" name="test1.TestAnnotationsLoactors" tests="1" failures="0" timestamp="20 Dec 2020 06:18:59 GMT" time="5.058" errors="0">
  <testcase name="locatorsAnnotations" time="5.058" classname="test1.TestAnnotationsLoactors"/>
</testsuite> <!-- test1.TestAnnotationsLoactors -->
