<?xml version="1.0" encoding="UTF-8"?>
<!-- Generated by org.testng.reporters.JUnitReportReporter -->
<testsuite skipped="0" hostname="jarvis" name="test.TestDependsOnMethod" tests="3" failures="0" timestamp="19 Dec 2020 06:27:55 GMT" time="0.010" errors="0">
  <testcase name="login" time="0.001" classname="test.TestDependsOnMethod"/>
  <testcase name="register" time="0.008" classname="test.TestDependsOnMethod"/>
  <testcase name="deleteUser" time="0.001" classname="test.TestDependsOnMethod"/>
</testsuite> <!-- test.TestDependsOnMethod -->
